<?xml version="1.0" encoding="UTF-8"?>
<!-- Generated by org.testng.reporters.JUnitReportReporter -->
<testsuite hostname="DESKTOP-C143A4H" failures="0" tests="3" name="testCase.TC01" time="179.726" errors="0" timestamp="2023-09-07T13:44:27 IST" skipped="0">
  <testcase classname="testCase.TC01" name="verifylogin" time="60.805"/>
  <system-out/>
  <testcase classname="testCase.TC01" name="verifyabout" time="76.465"/>
  <system-out/>
  <testcase classname="testCase.TC01" name="VerifyAddToCard" time="42.456"/>
  <system-out/>
</testsuite> <!-- testCase.TC01 -->
